
> react-typescript-starter@0.1.0 test
> react-scripts test

Browserslist: caniuse-lite is outdated. Please run:
  npx browserslist@latest --update-db
  Why you should do it regularly: https://github.com/browserslist/browserslist#browsers-data-updating
PASS src/arrays.test.ts
  ● Console

    console.log
      start: 100,199,1

      at injectPositive (src/arrays.ts:147:17)

    console.log
      end: 7,3

      at injectPositive (src/arrays.ts:153:17)

    console.log
      start:

      at injectPositive (src/arrays.ts:147:17)

    console.log
      end: -200,100,200

      at injectPositive (src/arrays.ts:153:17)

PASS src/HtmlCss.test.tsx
PASS src/functions.test.ts
PASS src/text.test.tsx
PASS src/App.test.tsx
--------------|---------|----------|---------|---------|-------------------
File          | % Stmts | % Branch | % Funcs | % Lines | Uncovered Line #s 
--------------|---------|----------|---------|---------|-------------------
All files     |   98.71 |    97.14 |     100 |   98.64 |                   
 App.tsx      |     100 |      100 |     100 |     100 |                   
 arrays.ts    |   98.33 |    95.23 |     100 |   98.21 | 100               
 functions.ts |     100 |      100 |     100 |     100 |                   
--------------|---------|----------|---------|---------|-------------------

Test Suites: 5 passed, 5 total
Tests:       23 passed, 23 total
Snapshots:   0 total
Time:        3.805 s
Ran all test suites.
